<?xml version="1.0" encoding="UTF-8"?>
<!-- Generated by org.testng.reporters.JUnitReportReporter -->
<testsuite skipped="0" hostname="DESKTOP-4128O7R" name="Newproject.Restassuredapi.Getrequest" tests="1" failures="0" timestamp="17 Jul 2019 09:30:29 GMT" time="3.576" errors="0">
  <testcase name="getmethod" time="3.576" classname="Newproject.Restassuredapi.Getrequest"/>
</testsuite> <!-- Newproject.Restassuredapi.Getrequest -->
